[INFO ] 2020-04-14 19:50:46.921 [main] TC_LoginTest_001 - ********Starting TC_LoginTest_001********
[INFO ] 2020-04-14 19:50:49.453 [main] TC_LoginTest_001 - ********Providing login details to application********
[INFO ] 2020-04-14 19:50:49.595 [main] TC_LoginTest_001 - **********Clicking on the login button********
[INFO ] 2020-04-14 19:50:52.042 [main] TC_LoginTest_001 - **********Login validation starting*********
[INFO ] 2020-04-14 19:50:52.042 [main] TC_LoginTest_001 - **********Login Test passed**********
[INFO ] 2020-04-15 15:51:47.590 [TestNG-tests-1] TC_LoginTest_001 - ********Starting TC_LoginTest_001********
[INFO ] 2020-04-15 15:51:50.401 [TestNG-tests-1] TC_LoginTest_001 - ********Providing login details to application********
[INFO ] 2020-04-15 15:51:50.605 [TestNG-tests-1] TC_LoginTest_001 - **********Clicking on the login button********
[INFO ] 2020-04-15 15:51:51.252 [TestNG-tests-2] TC_LoginTest_001 - ********Starting TC_LoginTest_001********
[INFO ] 2020-04-15 15:51:53.271 [TestNG-tests-2] TC_LoginTest_001 - ********Providing login details to application********
[INFO ] 2020-04-15 15:51:53.362 [TestNG-tests-2] TC_LoginTest_001 - **********Clicking on the login button********
[INFO ] 2020-04-15 15:51:53.637 [TestNG-tests-1] TC_LoginTest_001 - **********Login validation starting*********
[INFO ] 2020-04-15 15:51:53.637 [TestNG-tests-1] TC_LoginTest_001 - **********Login Test passed**********
[INFO ] 2020-04-15 15:51:56.730 [TestNG-tests-2] TC_LoginTest_001 - **********Login validation starting*********
[INFO ] 2020-04-15 15:51:56.730 [TestNG-tests-2] TC_LoginTest_001 - **********Login Test passed**********
[INFO ] 2020-04-15 15:52:10.901 [TestNG-tests-1] TC_LoginTest_001 - ********Starting TC_LoginTest_001********
[INFO ] 2020-04-15 15:52:12.737 [TestNG-tests-2] TC_LoginTest_001 - ********Starting TC_LoginTest_001********
[INFO ] 2020-04-15 15:52:13.684 [TestNG-tests-1] TC_LoginTest_001 - ********Providing login details to application********
[INFO ] 2020-04-15 15:52:13.875 [TestNG-tests-1] TC_LoginTest_001 - **********Clicking on the login button********
[INFO ] 2020-04-15 15:52:15.175 [TestNG-tests-2] TC_LoginTest_001 - ********Providing login details to application********
[INFO ] 2020-04-15 15:52:15.269 [TestNG-tests-2] TC_LoginTest_001 - **********Clicking on the login button********
[INFO ] 2020-04-15 15:52:16.041 [TestNG-tests-1] TC_LoginTest_001 - **********Login validation starting*********
[INFO ] 2020-04-15 15:52:16.041 [TestNG-tests-1] TC_LoginTest_001 - **********Login Test passed**********
[INFO ] 2020-04-15 15:52:18.187 [TestNG-tests-2] TC_LoginTest_001 - **********Login validation starting*********
[INFO ] 2020-04-15 15:52:18.188 [TestNG-tests-2] TC_LoginTest_001 - **********Login Test passed**********
[INFO ] 2020-04-15 16:11:28.012 [TestNG-tests-1] TC_LoginTest_001 - ********Starting TC_LoginTest_001********
[INFO ] 2020-04-15 16:11:29.635 [TestNG-tests-2] TC_LoginTest_001 - ********Starting TC_LoginTest_001********
[INFO ] 2020-04-15 16:11:30.666 [TestNG-tests-1] TC_LoginTest_001 - ********Providing login details to application********
[INFO ] 2020-04-15 16:11:30.842 [TestNG-tests-1] TC_LoginTest_001 - **********Clicking on the login button********
[INFO ] 2020-04-15 16:11:31.544 [TestNG-tests-2] TC_LoginTest_001 - ********Providing login details to application********
[INFO ] 2020-04-15 16:11:31.612 [TestNG-tests-2] TC_LoginTest_001 - **********Clicking on the login button********
[INFO ] 2020-04-15 16:11:33.594 [TestNG-tests-1] TC_LoginTest_001 - **********Login validation starting*********
[INFO ] 2020-04-15 16:11:33.594 [TestNG-tests-1] TC_LoginTest_001 - **********Login Test passed**********
[INFO ] 2020-04-15 16:11:35.356 [TestNG-tests-2] TC_LoginTest_001 - **********Login validation starting*********
[INFO ] 2020-04-15 16:11:35.356 [TestNG-tests-2] TC_LoginTest_001 - **********Login Test passed**********
[INFO ] 2020-04-15 16:13:34.219 [TestNG-tests-1] TC_LoginTest_001 - ********Starting TC_LoginTest_001********
[INFO ] 2020-04-15 16:13:35.746 [TestNG-tests-2] TC_LoginTest_001 - ********Starting TC_LoginTest_001********
[INFO ] 2020-04-15 16:13:35.893 [TestNG-tests-1] TC_LoginTest_001 - ********Providing login details to application********
[INFO ] 2020-04-15 16:13:36.113 [TestNG-tests-1] TC_LoginTest_001 - **********Clicking on the login button********
[INFO ] 2020-04-15 16:13:38.092 [TestNG-tests-1] TC_LoginTest_001 - **********Login validation starting*********
[INFO ] 2020-04-15 16:13:38.092 [TestNG-tests-1] TC_LoginTest_001 - **********Login Test passed**********
[INFO ] 2020-04-15 16:13:38.261 [TestNG-tests-2] TC_LoginTest_001 - ********Providing login details to application********
[INFO ] 2020-04-15 16:13:38.350 [TestNG-tests-2] TC_LoginTest_001 - **********Clicking on the login button********
[INFO ] 2020-04-15 16:13:41.067 [TestNG-tests-2] TC_LoginTest_001 - **********Login validation starting*********
[INFO ] 2020-04-15 16:13:41.067 [TestNG-tests-2] TC_LoginTest_001 - **********Login Test passed**********
[INFO ] 2020-04-15 16:21:52.063 [TestNG-tests-1] TC_LoginTest_001 - ********Starting TC_LoginTest_001********
[INFO ] 2020-04-15 16:21:53.520 [TestNG-tests-2] TC_LoginTest_001 - ********Starting TC_LoginTest_001********
[INFO ] 2020-04-15 16:21:54.586 [TestNG-tests-1] TC_LoginTest_001 - ********Providing login details to application********
[INFO ] 2020-04-15 16:21:54.761 [TestNG-tests-1] TC_LoginTest_001 - **********Clicking on the login button********
[INFO ] 2020-04-15 16:21:56.117 [TestNG-tests-2] TC_LoginTest_001 - ********Providing login details to application********
[INFO ] 2020-04-15 16:21:56.233 [TestNG-tests-2] TC_LoginTest_001 - **********Clicking on the login button********
[INFO ] 2020-04-15 16:21:57.302 [TestNG-tests-1] TC_LoginTest_001 - **********Login validation starting*********
[INFO ] 2020-04-15 16:21:57.302 [TestNG-tests-1] TC_LoginTest_001 - **********Login Test passed**********
[INFO ] 2020-04-15 16:21:59.066 [TestNG-tests-2] TC_LoginTest_001 - **********Login validation starting*********
[INFO ] 2020-04-15 16:21:59.066 [TestNG-tests-2] TC_LoginTest_001 - **********Login Test passed**********
[INFO ] 2020-04-15 16:26:36.479 [TestNG-tests-1] TC_LoginTest_001 - ********Starting TC_LoginTest_001********
[INFO ] 2020-04-15 16:26:38.105 [TestNG-tests-2] TC_LoginTest_001 - ********Starting TC_LoginTest_001********
[INFO ] 2020-04-15 16:26:39.072 [TestNG-tests-1] TC_LoginTest_001 - ********Providing login details to application********
[INFO ] 2020-04-15 16:26:39.248 [TestNG-tests-1] TC_LoginTest_001 - **********Clicking on the login button********
[INFO ] 2020-04-15 16:26:40.580 [TestNG-tests-2] TC_LoginTest_001 - ********Providing login details to application********
[INFO ] 2020-04-15 16:26:40.682 [TestNG-tests-2] TC_LoginTest_001 - **********Clicking on the login button********
[INFO ] 2020-04-15 16:26:41.621 [TestNG-tests-1] TC_LoginTest_001 - **********Login validation starting*********
[INFO ] 2020-04-15 16:26:41.621 [TestNG-tests-1] TC_LoginTest_001 - **********Login Test passed**********
[INFO ] 2020-04-15 16:26:43.232 [TestNG-tests-2] TC_LoginTest_001 - **********Login validation starting*********
[INFO ] 2020-04-15 16:26:43.232 [TestNG-tests-2] TC_LoginTest_001 - **********Login Test passed**********
[INFO ] 2020-04-15 17:18:37.130 [TestNG-tests-1] TC_LoginTest_001 - ********Starting TC_LoginTest_001********
[INFO ] 2020-04-15 17:18:39.256 [TestNG-tests-1] TC_LoginTest_001 - ********Providing login details to application********
[INFO ] 2020-04-15 17:18:39.433 [TestNG-tests-1] TC_LoginTest_001 - **********Clicking on the login button********
[INFO ] 2020-04-15 17:18:42.014 [TestNG-tests-1] TC_LoginTest_001 - **********Login validation starting*********
[ERROR] 2020-04-15 17:18:42.015 [TestNG-tests-1] TC_LoginTest_001 - *********Login Test failed**********
[INFO ] 2020-04-15 18:09:48.242 [TestNG-tests-3] TC_LoginTest_001 - ********Starting TC_LoginTest_001********
[INFO ] 2020-04-15 18:09:50.928 [TestNG-tests-1] TC_LoginTest_001 - ********Starting TC_LoginTest_001********
[INFO ] 2020-04-15 18:09:52.610 [TestNG-tests-2] TC_LoginTest_001 - ********Starting TC_LoginTest_001********
[INFO ] 2020-04-15 18:09:53.637 [TestNG-tests-1] TC_LoginTest_001 - ********Providing login details to application********
[INFO ] 2020-04-15 18:09:53.823 [TestNG-tests-1] TC_LoginTest_001 - **********Clicking on the login button********
[INFO ] 2020-04-15 18:09:54.920 [TestNG-tests-2] TC_LoginTest_001 - ********Providing login details to application********
[INFO ] 2020-04-15 18:09:54.997 [TestNG-tests-2] TC_LoginTest_001 - **********Clicking on the login button********
[INFO ] 2020-04-15 18:09:57.275 [TestNG-tests-1] TC_LoginTest_001 - **********Login validation starting*********
[ERROR] 2020-04-15 18:09:57.275 [TestNG-tests-1] TC_LoginTest_001 - *********Login Test failed**********
[INFO ] 2020-04-15 18:09:57.737 [TestNG-tests-2] TC_LoginTest_001 - **********Login validation starting*********
[ERROR] 2020-04-15 18:09:57.737 [TestNG-tests-2] TC_LoginTest_001 - *********Login Test failed**********
[INFO ] 2020-04-15 18:11:56.822 [TestNG-tests-3] TC_LoginTest_001 - ********Starting TC_LoginTest_001********
[INFO ] 2020-04-15 18:11:59.035 [TestNG-tests-1] TC_LoginTest_001 - ********Starting TC_LoginTest_001********
[INFO ] 2020-04-15 18:12:00.832 [TestNG-tests-2] TC_LoginTest_001 - ********Starting TC_LoginTest_001********
[INFO ] 2020-04-15 18:12:01.465 [TestNG-tests-1] TC_LoginTest_001 - ********Providing login details to application********
[INFO ] 2020-04-15 18:12:01.619 [TestNG-tests-1] TC_LoginTest_001 - **********Clicking on the login button********
[INFO ] 2020-04-15 18:12:03.645 [TestNG-tests-2] TC_LoginTest_001 - ********Providing login details to application********
[INFO ] 2020-04-15 18:12:03.734 [TestNG-tests-2] TC_LoginTest_001 - **********Clicking on the login button********
[INFO ] 2020-04-15 18:12:05.177 [TestNG-tests-1] TC_LoginTest_001 - **********Login validation starting*********
[ERROR] 2020-04-15 18:12:05.177 [TestNG-tests-1] TC_LoginTest_001 - *********Login Test failed**********
[INFO ] 2020-04-15 18:12:06.536 [TestNG-tests-2] TC_LoginTest_001 - **********Login validation starting*********
[ERROR] 2020-04-15 18:12:06.536 [TestNG-tests-2] TC_LoginTest_001 - *********Login Test failed**********
[INFO ] 2020-04-15 18:20:42.679 [TestNG-tests-1] TC_LoginTest_001 - ********Starting TC_LoginTest_001********
[INFO ] 2020-04-15 18:20:44.717 [TestNG-tests-2] TC_LoginTest_001 - ********Starting TC_LoginTest_001********
[INFO ] 2020-04-15 18:20:45.006 [TestNG-tests-1] TC_LoginTest_001 - ********Providing login details to application********
[INFO ] 2020-04-15 18:20:45.237 [TestNG-tests-1] TC_LoginTest_001 - **********Clicking on the login button********
[INFO ] 2020-04-15 18:20:47.214 [TestNG-tests-2] TC_LoginTest_001 - ********Providing login details to application********
[INFO ] 2020-04-15 18:20:47.280 [TestNG-tests-2] TC_LoginTest_001 - **********Clicking on the login button********
[INFO ] 2020-04-15 18:20:47.697 [TestNG-tests-1] TC_LoginTest_001 - **********Login validation starting*********
[ERROR] 2020-04-15 18:20:47.698 [TestNG-tests-1] TC_LoginTest_001 - *********Login Test failed**********
[INFO ] 2020-04-15 18:20:50.707 [TestNG-tests-2] TC_LoginTest_001 - **********Login validation starting*********
[ERROR] 2020-04-15 18:20:50.707 [TestNG-tests-2] TC_LoginTest_001 - *********Login Test failed**********
[INFO ] 2020-04-15 18:21:50.854 [TestNG-tests-1] TC_LoginTest_001 - ********Starting TC_LoginTest_001********
[INFO ] 2020-04-15 18:21:52.422 [TestNG-tests-2] TC_LoginTest_001 - ********Starting TC_LoginTest_001********
[INFO ] 2020-04-15 18:21:53.326 [TestNG-tests-1] TC_LoginTest_001 - ********Providing login details to application********
[INFO ] 2020-04-15 18:21:53.496 [TestNG-tests-1] TC_LoginTest_001 - **********Clicking on the login button********
[INFO ] 2020-04-15 18:21:54.597 [TestNG-tests-2] TC_LoginTest_001 - ********Providing login details to application********
[INFO ] 2020-04-15 18:21:54.771 [TestNG-tests-2] TC_LoginTest_001 - **********Clicking on the login button********
[INFO ] 2020-04-15 18:21:56.502 [TestNG-tests-1] TC_LoginTest_001 - **********Login validation starting*********
[ERROR] 2020-04-15 18:21:56.502 [TestNG-tests-1] TC_LoginTest_001 - *********Login Test failed**********
[INFO ] 2020-04-15 18:21:57.701 [TestNG-tests-2] TC_LoginTest_001 - **********Login validation starting*********
[ERROR] 2020-04-15 18:21:57.701 [TestNG-tests-2] TC_LoginTest_001 - *********Login Test failed**********
[INFO ] 2020-04-15 18:25:11.466 [TestNG-tests-3] TC_LoginTest_001 - ********Starting TC_LoginTest_001********
[INFO ] 2020-04-15 18:25:13.913 [TestNG-tests-1] TC_LoginTest_001 - ********Starting TC_LoginTest_001********
[INFO ] 2020-04-15 18:25:15.522 [TestNG-tests-2] TC_LoginTest_001 - ********Starting TC_LoginTest_001********
[INFO ] 2020-04-15 18:25:16.456 [TestNG-tests-1] TC_LoginTest_001 - ********Providing login details to application********
[INFO ] 2020-04-15 18:25:16.622 [TestNG-tests-1] TC_LoginTest_001 - **********Clicking on the login button********
[INFO ] 2020-04-15 18:25:17.610 [TestNG-tests-2] TC_LoginTest_001 - ********Providing login details to application********
[INFO ] 2020-04-15 18:25:17.675 [TestNG-tests-2] TC_LoginTest_001 - **********Clicking on the login button********
[INFO ] 2020-04-15 18:25:18.953 [TestNG-tests-1] TC_LoginTest_001 - **********Login validation starting*********
[INFO ] 2020-04-15 18:25:18.953 [TestNG-tests-1] TC_LoginTest_001 - **********Login Test passed**********
[INFO ] 2020-04-15 18:25:20.718 [TestNG-tests-2] TC_LoginTest_001 - **********Login validation starting*********
[INFO ] 2020-04-15 18:25:20.718 [TestNG-tests-2] TC_LoginTest_001 - **********Login Test passed**********
[INFO ] 2020-04-15 18:46:11.083 [TestNG-tests-1] TC_LoginTest_001 - ********Starting TC_LoginTest_001********
[INFO ] 2020-04-15 18:46:13.107 [TestNG-tests-2] TC_LoginTest_001 - ********Starting TC_LoginTest_001********
[INFO ] 2020-04-15 18:46:13.630 [TestNG-tests-1] TC_LoginTest_001 - ********Providing login details to application********
[INFO ] 2020-04-15 18:46:13.794 [TestNG-tests-1] TC_LoginTest_001 - **********Clicking on the login button********
[INFO ] 2020-04-15 18:46:15.642 [TestNG-tests-2] TC_LoginTest_001 - ********Providing login details to application********
[INFO ] 2020-04-15 18:46:15.707 [TestNG-tests-2] TC_LoginTest_001 - **********Clicking on the login button********
[INFO ] 2020-04-15 18:46:16.116 [TestNG-tests-1] TC_LoginTest_001 - **********Login validation starting*********
[INFO ] 2020-04-15 18:46:16.116 [TestNG-tests-1] TC_LoginTest_001 - **********Login Test passed**********
[INFO ] 2020-04-15 18:46:18.726 [TestNG-tests-2] TC_LoginTest_001 - **********Login validation starting*********
[INFO ] 2020-04-15 18:46:18.726 [TestNG-tests-2] TC_LoginTest_001 - **********Login Test passed**********
[INFO ] 2020-04-15 18:49:24.826 [TestNG-tests-1] TC_LoginTest_001 - ********Starting TC_LoginTest_001********
[INFO ] 2020-04-15 18:49:28.006 [TestNG-tests-1] TC_LoginTest_001 - ********Providing login details to application********
[INFO ] 2020-04-15 18:49:28.196 [TestNG-tests-1] TC_LoginTest_001 - **********Clicking on the login button********
[INFO ] 2020-04-15 18:49:30.665 [TestNG-tests-1] TC_LoginTest_001 - **********Login validation starting*********
[INFO ] 2020-04-15 18:49:30.665 [TestNG-tests-1] TC_LoginTest_001 - **********Login Test passed**********
[INFO ] 2020-04-15 18:52:47.754 [TestNG-tests-1] TC_LoginTest_001 - ********Starting TC_LoginTest_001********
[INFO ] 2020-04-15 18:52:50.172 [TestNG-tests-1] TC_LoginTest_001 - ********Providing login details to application********
[INFO ] 2020-04-15 18:52:50.332 [TestNG-tests-1] TC_LoginTest_001 - **********Clicking on the login button********
[INFO ] 2020-04-15 18:52:53.482 [TestNG-tests-1] TC_LoginTest_001 - **********Login validation starting*********
[ERROR] 2020-04-15 18:52:53.482 [TestNG-tests-1] TC_LoginTest_001 - *********Login Test failed**********
[INFO ] 2020-04-16 17:06:39.487 [TestNG-tests-1] TC_LoginTest_001 - ********Starting TC_LoginTest_001********
[INFO ] 2020-04-16 17:06:42.023 [TestNG-tests-1] TC_LoginTest_001 - ********Providing login details to application********
[INFO ] 2020-04-16 17:06:42.196 [TestNG-tests-1] TC_LoginTest_001 - **********Clicking on the login button********
[INFO ] 2020-04-16 17:06:44.820 [TestNG-tests-1] TC_LoginTest_001 - **********Login validation starting*********
[ERROR] 2020-04-16 17:06:44.821 [TestNG-tests-1] TC_LoginTest_001 - *********Login Test failed**********
[INFO ] 2020-04-16 17:06:47.273 [TestNG-tests-1] TC_LoginDDT_002 - ********Starting TC_LoginTest_001********
[INFO ] 2020-04-16 17:06:52.376 [TestNG-tests-1] TC_LoginDDT_002 - ********Finished TC_LoginTest_001********
[INFO ] 2020-04-16 17:06:52.378 [TestNG-tests-1] TC_LoginDDT_002 - ********Starting TC_LoginTest_001********
[INFO ] 2020-04-16 17:06:53.775 [TestNG-tests-1] TC_LoginDDT_002 - ********Starting TC_LoginTest_001********
[INFO ] 2020-04-16 17:06:55.135 [TestNG-tests-1] TC_LoginDDT_002 - ********Starting TC_LoginTest_001********
[INFO ] 2020-04-16 17:10:27.866 [TestNG-tests-1] TC_LoginTest_001 - ********Starting TC_LoginTest_001********
[INFO ] 2020-04-16 17:10:30.192 [TestNG-tests-1] TC_LoginTest_001 - ********Providing login details to application********
[INFO ] 2020-04-16 17:10:30.356 [TestNG-tests-1] TC_LoginTest_001 - **********Clicking on the login button********
[INFO ] 2020-04-16 17:10:32.862 [TestNG-tests-1] TC_LoginTest_001 - **********Login validation starting*********
[ERROR] 2020-04-16 17:10:32.862 [TestNG-tests-1] TC_LoginTest_001 - *********Login Test failed**********
[INFO ] 2020-04-16 17:10:35.256 [TestNG-tests-1] TC_LoginDDT_002 - ********Starting TC_LoginTest_001********
[INFO ] 2020-04-16 17:10:40.352 [TestNG-tests-1] TC_LoginDDT_002 - ********Finished TC_LoginTest_001********
[INFO ] 2020-04-16 17:10:40.353 [TestNG-tests-1] TC_LoginDDT_002 - ********Starting TC_LoginTest_001********
[INFO ] 2020-04-16 17:10:42.030 [TestNG-tests-1] TC_LoginDDT_002 - ********Starting TC_LoginTest_001********
[INFO ] 2020-04-16 17:10:43.338 [TestNG-tests-1] TC_LoginDDT_002 - ********Starting TC_LoginTest_001********
[INFO ] 2020-04-16 17:19:54.478 [TestNG-tests-1] TC_LoginTest_001 - ********Starting TC_LoginTest_001********
[INFO ] 2020-04-16 17:19:57.075 [TestNG-tests-1] TC_LoginTest_001 - ********Providing login details to application********
[INFO ] 2020-04-16 17:19:57.233 [TestNG-tests-1] TC_LoginTest_001 - **********Clicking on the login button********
[INFO ] 2020-04-16 17:19:59.483 [TestNG-tests-1] TC_LoginTest_001 - **********Login validation starting*********
[ERROR] 2020-04-16 17:19:59.483 [TestNG-tests-1] TC_LoginTest_001 - *********Login Test failed**********
[INFO ] 2020-04-16 17:20:01.967 [TestNG-tests-1] TC_LoginDDT_002 - ********Starting TC_LoginTest_002********
[INFO ] 2020-04-16 17:20:12.328 [TestNG-tests-1] TC_LoginDDT_002 - ********Finished TC_LoginTest_002********
[INFO ] 2020-04-16 17:20:12.330 [TestNG-tests-1] TC_LoginDDT_002 - ********Starting TC_LoginTest_002********
[INFO ] 2020-04-16 17:20:14.001 [TestNG-tests-1] TC_LoginDDT_002 - ********Starting TC_LoginTest_002********
[INFO ] 2020-04-16 17:20:15.270 [TestNG-tests-1] TC_LoginDDT_002 - ********Starting TC_LoginTest_002********
[INFO ] 2020-04-16 17:29:25.774 [TestNG-tests-1] TC_LoginTest_001 - ********Starting TC_LoginTest_001********
[INFO ] 2020-04-16 17:29:28.612 [TestNG-tests-1] TC_LoginTest_001 - ********Providing login details to application********
[INFO ] 2020-04-16 17:29:28.774 [TestNG-tests-1] TC_LoginTest_001 - **********Clicking on the login button********
[INFO ] 2020-04-16 17:29:31.662 [TestNG-tests-1] TC_LoginTest_001 - **********Login validation starting*********
[ERROR] 2020-04-16 17:29:31.662 [TestNG-tests-1] TC_LoginTest_001 - *********Login Test failed**********
[INFO ] 2020-04-16 17:29:34.102 [TestNG-tests-1] TC_LoginDDT_002 - ********Starting TC_LoginTest_002********
[INFO ] 2020-04-16 17:29:44.505 [TestNG-tests-1] TC_LoginDDT_002 - ********Finished TC_LoginTest_002********
[INFO ] 2020-04-16 17:29:44.507 [TestNG-tests-1] TC_LoginDDT_002 - ********Starting TC_LoginTest_002********
[INFO ] 2020-04-16 17:29:45.782 [TestNG-tests-1] TC_LoginDDT_002 - ********Starting TC_LoginTest_002********
[INFO ] 2020-04-16 17:29:47.063 [TestNG-tests-1] TC_LoginDDT_002 - ********Starting TC_LoginTest_002********
[INFO ] 2020-04-16 17:35:17.388 [TestNG-tests-1] TC_LoginTest_001 - ********Starting TC_LoginTest_001********
[INFO ] 2020-04-16 17:35:19.604 [TestNG-tests-1] TC_LoginTest_001 - ********Providing login details to application********
[INFO ] 2020-04-16 17:35:19.765 [TestNG-tests-1] TC_LoginTest_001 - **********Clicking on the login button********
[INFO ] 2020-04-16 17:35:22.651 [TestNG-tests-1] TC_LoginTest_001 - **********Login validation starting*********
[ERROR] 2020-04-16 17:35:22.652 [TestNG-tests-1] TC_LoginTest_001 - *********Login Test failed**********
[INFO ] 2020-04-16 17:36:20.423 [TestNG-tests-1] TC_LoginTest_001 - ********Starting TC_LoginTest_001********
[INFO ] 2020-04-16 17:36:23.109 [TestNG-tests-1] TC_LoginTest_001 - ********Providing login details to application********
[INFO ] 2020-04-16 17:36:23.263 [TestNG-tests-1] TC_LoginTest_001 - **********Clicking on the login button********
[INFO ] 2020-04-16 17:36:25.885 [TestNG-tests-1] TC_LoginTest_001 - **********Login validation starting*********
[INFO ] 2020-04-16 17:36:25.885 [TestNG-tests-1] TC_LoginTest_001 - **********Login Test passed**********
[INFO ] 2020-04-16 17:36:27.771 [TestNG-tests-1] TC_LoginDDT_002 - ********Starting TC_LoginTest_002********
[INFO ] 2020-04-16 17:36:38.160 [TestNG-tests-1] TC_LoginDDT_002 - ********Finished TC_LoginTest_002********
[INFO ] 2020-04-16 17:36:38.161 [TestNG-tests-1] TC_LoginDDT_002 - ********Starting TC_LoginTest_002********
[INFO ] 2020-04-16 17:36:40.043 [TestNG-tests-1] TC_LoginDDT_002 - ********Starting TC_LoginTest_002********
[INFO ] 2020-04-16 17:36:41.796 [TestNG-tests-1] TC_LoginDDT_002 - ********Starting TC_LoginTest_002********
[INFO ] 2020-04-16 17:38:46.367 [TestNG-tests-1] TC_LoginTest_001 - ********Starting TC_LoginTest_001********
[INFO ] 2020-04-16 17:38:47.797 [TestNG-tests-1] TC_LoginTest_001 - ********Providing login details to application********
[INFO ] 2020-04-16 17:38:47.946 [TestNG-tests-1] TC_LoginTest_001 - **********Clicking on the login button********
[INFO ] 2020-04-16 17:38:49.956 [TestNG-tests-1] TC_LoginTest_001 - **********Login validation starting*********
[INFO ] 2020-04-16 17:38:49.956 [TestNG-tests-1] TC_LoginTest_001 - **********Login Test passed**********
[INFO ] 2020-04-16 17:38:51.730 [TestNG-tests-1] TC_LoginDDT_002 - ********Starting TC_LoginTest_002********
[INFO ] 2020-04-16 17:39:09.639 [TestNG-tests-1] TC_LoginDDT_002 - ********loginTest is Passed********
[INFO ] 2020-04-16 17:39:15.781 [TestNG-tests-1] TC_LoginDDT_002 - ********Finished TC_LoginTest_002********
[INFO ] 2020-04-16 17:39:15.783 [TestNG-tests-1] TC_LoginDDT_002 - ********Starting TC_LoginTest_002********
[INFO ] 2020-04-16 17:39:17.205 [TestNG-tests-1] TC_LoginDDT_002 - ********Starting TC_LoginTest_002********
[INFO ] 2020-04-16 17:39:18.448 [TestNG-tests-1] TC_LoginDDT_002 - ********Starting TC_LoginTest_002********
[INFO ] 2020-04-16 17:40:38.683 [TestNG-tests-1] TC_LoginTest_001 - ********Starting TC_LoginTest_001********
[INFO ] 2020-04-16 17:40:41.176 [TestNG-tests-1] TC_LoginTest_001 - ********Providing login details to application********
[INFO ] 2020-04-16 17:40:41.336 [TestNG-tests-1] TC_LoginTest_001 - **********Clicking on the login button********
[INFO ] 2020-04-16 17:40:43.074 [TestNG-tests-1] TC_LoginTest_001 - **********Login validation starting*********
[INFO ] 2020-04-16 17:40:43.074 [TestNG-tests-1] TC_LoginTest_001 - **********Login Test passed**********
[INFO ] 2020-04-16 17:40:44.791 [TestNG-tests-1] TC_LoginDDT_002 - ********Starting TC_LoginTest_002********
[INFO ] 2020-04-16 17:40:55.125 [TestNG-tests-1] TC_LoginDDT_002 - ********loginTest is Passed********
[INFO ] 2020-04-16 17:41:02.378 [TestNG-tests-1] TC_LoginDDT_002 - ********Finished TC_LoginTest_002********
[INFO ] 2020-04-16 17:41:02.381 [TestNG-tests-1] TC_LoginDDT_002 - ********Starting TC_LoginTest_002********
[INFO ] 2020-04-16 17:41:08.922 [TestNG-tests-1] TC_LoginDDT_002 - ********Finished TC_LoginTest_002********
[INFO ] 2020-04-16 17:41:08.924 [TestNG-tests-1] TC_LoginDDT_002 - ********Starting TC_LoginTest_002********
[INFO ] 2020-04-16 17:41:15.619 [TestNG-tests-1] TC_LoginDDT_002 - ********Finished TC_LoginTest_002********
[INFO ] 2020-04-16 17:41:15.621 [TestNG-tests-1] TC_LoginDDT_002 - ********Starting TC_LoginTest_002********
[INFO ] 2020-04-16 17:41:21.697 [TestNG-tests-1] TC_LoginDDT_002 - ********Finished TC_LoginTest_002********
[INFO ] 2020-04-17 17:36:06.927 [TestNG-tests-1] TC_AddCustomerTest_003 - ********Starting TC_LoginTest_003********
[INFO ] 2020-04-17 17:43:35.364 [TestNG-tests-1] TC_AddCustomerTest_003 - ********Starting TC_LoginTest_003********
[INFO ] 2020-04-17 17:44:33.373 [TestNG-tests-1] TC_AddCustomerTest_003 - ********Starting TC_LoginTest_003********
[INFO ] 2020-04-17 17:46:46.912 [TestNG-tests-1] TC_AddCustomerTest_003 - ********Starting TC_LoginTest_003********
[INFO ] 2020-04-17 17:51:23.157 [TestNG-tests-1] TC_AddCustomerTest_003 - ********Starting TC_LoginTest_003********
[INFO ] 2020-04-17 17:51:29.436 [TestNG-tests-1] TC_AddCustomerTest_003 - ***************  Providing customer details  *********** 
[INFO ] 2020-04-17 17:52:27.526 [TestNG-tests-1] TC_AddCustomerTest_003 - ********Starting TC_LoginTest_003********
[INFO ] 2020-04-17 17:52:34.505 [TestNG-tests-1] TC_AddCustomerTest_003 - ***************  Providing customer details  *********** 
[INFO ] 2020-04-17 17:56:41.805 [TestNG-tests-1] TC_AddCustomerTest_003 - ********Starting TC_LoginTest_003********
[INFO ] 2020-04-17 17:56:51.357 [TestNG-tests-1] TC_AddCustomerTest_003 - ***************  Providing customer details  *********** 
[INFO ] 2020-04-17 17:58:18.659 [TestNG-tests-1] TC_AddCustomerTest_003 - ********Starting TC_LoginTest_003********
[INFO ] 2020-04-17 17:58:30.764 [TestNG-tests-1] TC_AddCustomerTest_003 - ***************  Providing customer details  *********** 
[INFO ] 2020-04-17 17:59:28.070 [TestNG-tests-1] TC_AddCustomerTest_003 - ********Starting TC_LoginTest_003********
[INFO ] 2020-04-17 17:59:39.630 [TestNG-tests-1] TC_AddCustomerTest_003 - ***************  Providing customer details  *********** 
[INFO ] 2020-04-17 18:02:04.281 [TestNG-tests-1] TC_AddCustomerTest_003 - ********Starting TC_LoginTest_003********
[INFO ] 2020-04-17 18:02:15.057 [TestNG-tests-1] TC_AddCustomerTest_003 - ***************  Providing customer details  *********** 
[INFO ] 2020-04-17 18:04:29.333 [TestNG-tests-1] TC_AddCustomerTest_003 - ********Starting TC_LoginTest_003********
[INFO ] 2020-04-17 18:04:47.494 [TestNG-tests-1] TC_AddCustomerTest_003 - ***************  Providing customer details  *********** 
[INFO ] 2020-04-17 18:05:27.563 [TestNG-tests-1] TC_AddCustomerTest_003 - ********Starting TC_LoginTest_003********
[INFO ] 2020-04-17 18:05:42.886 [TestNG-tests-1] TC_AddCustomerTest_003 - ***************  Providing customer details  *********** 
[INFO ] 2020-04-17 18:08:44.676 [TestNG-tests-1] TC_AddCustomerTest_003 - ********Starting TC_LoginTest_003********
[INFO ] 2020-04-17 18:09:51.817 [TestNG-tests-1] TC_AddCustomerTest_003 - ********Starting TC_LoginTest_003********
[INFO ] 2020-04-17 18:10:01.553 [TestNG-tests-1] TC_AddCustomerTest_003 - ***************  Providing customer details  *********** 
[INFO ] 2020-04-17 18:11:23.048 [TestNG-tests-1] TC_AddCustomerTest_003 - ********Starting TC_LoginTest_003********
[INFO ] 2020-04-17 18:11:33.629 [TestNG-tests-1] TC_AddCustomerTest_003 - ***************  Providing customer details  *********** 
[INFO ] 2020-04-17 18:13:13.745 [TestNG-tests-1] TC_AddCustomerTest_003 - ********Starting TC_LoginTest_003********
[INFO ] 2020-04-17 18:13:23.752 [TestNG-tests-1] TC_AddCustomerTest_003 - ***************  Providing customer details  *********** 
[INFO ] 2020-04-17 18:14:52.284 [TestNG-tests-1] TC_AddCustomerTest_003 - ********Starting TC_LoginTest_003********
[INFO ] 2020-04-17 18:15:01.978 [TestNG-tests-1] TC_AddCustomerTest_003 - ***************  Providing customer details  *********** 
[INFO ] 2020-04-17 18:16:38.127 [TestNG-tests-1] TC_AddCustomerTest_003 - ********Starting TC_LoginTest_003********
[INFO ] 2020-04-17 18:16:48.409 [TestNG-tests-1] TC_AddCustomerTest_003 - ***************  Providing customer details  *********** 
[INFO ] 2020-04-17 18:18:32.907 [TestNG-tests-1] TC_AddCustomerTest_003 - ********Starting TC_LoginTest_003********
[INFO ] 2020-04-17 18:19:16.223 [TestNG-tests-1] TC_AddCustomerTest_003 - ********Starting TC_LoginTest_003********
[INFO ] 2020-04-17 18:20:34.952 [TestNG-tests-1] TC_AddCustomerTest_003 - ********Starting TC_LoginTest_003********
[INFO ] 2020-04-17 18:20:45.431 [TestNG-tests-1] TC_AddCustomerTest_003 - ***************  Providing customer details  *********** 
[INFO ] 2020-04-17 18:24:41.659 [TestNG-tests-1] TC_AddCustomerTest_003 - ********Starting TC_LoginTest_003********
[INFO ] 2020-04-17 18:24:51.011 [TestNG-tests-1] TC_AddCustomerTest_003 - ***************  Providing customer details  *********** 
[INFO ] 2020-04-17 18:26:24.757 [TestNG-tests-1] TC_AddCustomerTest_003 - ********Starting TC_LoginTest_003********
[INFO ] 2020-04-17 18:26:34.857 [TestNG-tests-1] TC_AddCustomerTest_003 - ***************  Providing customer details  *********** 
[INFO ] 2020-04-17 18:28:08.746 [TestNG-tests-1] TC_AddCustomerTest_003 - ********Starting TC_LoginTest_003********
[INFO ] 2020-04-17 18:28:18.414 [TestNG-tests-1] TC_AddCustomerTest_003 - ***************  Providing customer details  *********** 
[INFO ] 2020-04-17 18:29:57.411 [TestNG-tests-1] TC_AddCustomerTest_003 - ********Starting TC_LoginTest_003********
[INFO ] 2020-04-17 18:30:07.341 [TestNG-tests-1] TC_AddCustomerTest_003 - ***************  Providing customer details  *********** 
[INFO ] 2020-04-17 18:31:42.520 [TestNG-tests-1] TC_AddCustomerTest_003 - ********Starting TC_LoginTest_003********
[INFO ] 2020-04-17 18:31:53.280 [TestNG-tests-1] TC_AddCustomerTest_003 - ***************  Providing customer details  *********** 
[INFO ] 2020-04-17 20:27:09.971 [TestNG-tests-1] TC_AddCustomerTest_003 - ********Starting TC_LoginTest_003********
[INFO ] 2020-04-17 20:27:34.138 [TestNG-tests-1] TC_AddCustomerTest_003 - ***************  Providing customer details  *********** 
[INFO ] 2020-04-17 20:31:45.810 [TestNG-tests-1] TC_AddCustomerTest_003 - ********Starting TC_LoginTest_003********
[INFO ] 2020-04-17 20:31:56.793 [TestNG-tests-1] TC_AddCustomerTest_003 - ***************  Providing customer details  *********** 
[INFO ] 2020-04-17 20:38:18.474 [TestNG-tests-1] TC_AddCustomerTest_003 - ********Starting TC_LoginTest_003********
[INFO ] 2020-04-17 20:38:28.827 [TestNG-tests-1] TC_AddCustomerTest_003 - ***************  Providing customer details  *********** 
[INFO ] 2020-04-17 20:42:03.131 [TestNG-tests-1] TC_AddCustomerTest_003 - ********Starting TC_LoginTest_003********
[INFO ] 2020-04-17 20:42:13.975 [TestNG-tests-1] TC_AddCustomerTest_003 - ***************  Providing customer details  *********** 
[INFO ] 2020-04-17 20:44:11.093 [TestNG-tests-1] TC_AddCustomerTest_003 - ********Starting TC_LoginTest_003********
[INFO ] 2020-04-17 20:44:22.447 [TestNG-tests-1] TC_AddCustomerTest_003 - ***************  Providing customer details  *********** 
[INFO ] 2020-04-17 20:47:28.856 [TestNG-tests-1] TC_AddCustomerTest_003 - ********Starting TC_LoginTest_003********
[INFO ] 2020-04-17 20:47:38.920 [TestNG-tests-1] TC_AddCustomerTest_003 - ***************  Providing customer details  *********** 
[INFO ] 2020-04-17 20:57:15.134 [TestNG-tests-1] TC_AddCustomerTest_003 - ********Starting TC_LoginTest_003********
[INFO ] 2020-04-17 20:57:26.651 [TestNG-tests-1] TC_AddCustomerTest_003 - ***************  Providing customer details  *********** 
[INFO ] 2020-04-17 20:57:51.767 [TestNG-tests-1] TC_AddCustomerTest_003 - ***************  Customer added succesfully *********** 
[INFO ] 2020-04-17 20:58:16.223 [TestNG-tests-1] TC_AddCustomerTest_003 - ********Starting TC_LoginTest_003********
[INFO ] 2020-04-17 20:58:25.969 [TestNG-tests-1] TC_AddCustomerTest_003 - ***************  Providing customer details  *********** 
[INFO ] 2020-04-17 20:59:34.126 [TestNG-tests-1] TC_AddCustomerTest_003 - ********Starting TC_LoginTest_003********
[INFO ] 2020-04-17 20:59:43.546 [TestNG-tests-1] TC_AddCustomerTest_003 - ***************  Providing customer details  *********** 
[INFO ] 2020-04-17 21:00:07.787 [TestNG-tests-1] TC_AddCustomerTest_003 - ***************  Customer added succesfully *********** 
[INFO ] 2020-04-17 21:00:40.652 [TestNG-tests-1] TC_AddCustomerTest_003 - ********Starting TC_LoginTest_003********
[INFO ] 2020-04-17 21:00:52.618 [TestNG-tests-1] TC_AddCustomerTest_003 - ***************  Providing customer details  *********** 
[INFO ] 2020-04-17 21:01:38.667 [TestNG-tests-1] TC_AddCustomerTest_003 - ********Starting TC_LoginTest_003********
[INFO ] 2020-04-17 21:01:48.835 [TestNG-tests-1] TC_AddCustomerTest_003 - ***************  Providing customer details  *********** 
[INFO ] 2020-04-17 21:02:12.902 [TestNG-tests-1] TC_AddCustomerTest_003 - ***************  Customer added succesfully *********** 
[INFO ] 2020-04-17 21:02:42.139 [TestNG-tests-1] TC_AddCustomerTest_003 - ********Starting TC_LoginTest_003********
[INFO ] 2020-04-17 21:02:53.388 [TestNG-tests-1] TC_AddCustomerTest_003 - ***************  Providing customer details  *********** 
[INFO ] 2020-04-17 21:03:17.583 [TestNG-tests-1] TC_AddCustomerTest_003 - ***************  Customer added succesfully *********** 
[INFO ] 2020-04-19 12:57:05.075 [TestNG-tests-1] TC_SearchCustomerByEmail_004 - ********Providing login details to application********
[INFO ] 2020-04-19 20:06:11.201 [TestNG-tests-1] TC_SearchCustomerByName_005 - ********Providing login details to application********
[INFO ] 2020-04-19 20:08:44.965 [TestNG-tests-1] TC_SearchCustomerByName_005 - ********Providing login details to application********
[INFO ] 2020-04-19 20:10:46.090 [TestNG-tests-1] TC_SearchCustomerByName_005 - ********Providing login details to application********
[INFO ] 2020-04-19 20:17:02.547 [TestNG-tests-1] TC_SearchCustomerByName_005 - ********Providing login details to application********
[INFO ] 2020-04-19 20:18:48.157 [TestNG-tests-1] TC_SearchCustomerByName_005 - ********Providing login details to application********
[INFO ] 2020-04-19 23:12:56.915 [TestNG-tests-1] TC_LoginTest_001 - ********Starting TC_LoginTest_001********
[INFO ] 2020-04-19 23:12:59.261 [TestNG-tests-1] TC_LoginTest_001 - ********Providing login details to application********
[INFO ] 2020-04-19 23:12:59.489 [TestNG-tests-1] TC_LoginTest_001 - **********Clicking on the login button********
[INFO ] 2020-04-19 23:13:02.395 [TestNG-tests-1] TC_LoginTest_001 - **********Login validation starting*********
[INFO ] 2020-04-19 23:13:02.396 [TestNG-tests-1] TC_LoginTest_001 - **********Login Test passed**********
[INFO ] 2020-04-20 17:27:14.377 [TestNG-tests-1] TC_AddCustomerTest_003 - ********Starting TC_LoginTest_003********
[INFO ] 2020-04-20 17:27:24.150 [TestNG-tests-1] TC_AddCustomerTest_003 - ***************  Providing customer details  *********** 
[INFO ] 2020-04-20 17:27:47.967 [TestNG-tests-1] TC_AddCustomerTest_003 - ***************  Customer added succesfully *********** 
[INFO ] 2020-04-20 18:16:34.603 [TestNG-tests-1] TC_AddCustomerTest_003 - ********Starting TC_LoginTest_003********
[INFO ] 2020-04-20 18:16:44.640 [TestNG-tests-1] TC_AddCustomerTest_003 - ***************  Providing customer details  *********** 
[INFO ] 2020-04-20 18:17:08.969 [TestNG-tests-1] TC_AddCustomerTest_003 - ***************  Customer added succesfully *********** 
[INFO ] 2020-04-20 19:00:29.682 [TestNG-tests-1] TC_AddCustomerTest_003 - ********Starting TC_LoginTest_003********
[INFO ] 2020-04-20 19:00:47.778 [TestNG-tests-1] TC_AddCustomerTest_003 - ***************  Providing customer details  *********** 
[INFO ] 2020-04-20 19:01:12.392 [TestNG-tests-1] TC_AddCustomerTest_003 - ***************  Customer added succesfully *********** 
[INFO ] 2020-04-20 20:03:01.368 [TestNG-tests-1] TC_AddCustomerTest_003 - ********Starting TC_LoginTest_003********
[INFO ] 2020-04-20 20:03:12.530 [TestNG-tests-1] TC_AddCustomerTest_003 - ***************  Providing customer details  *********** 
[INFO ] 2020-04-20 20:03:36.417 [TestNG-tests-1] TC_AddCustomerTest_003 - ***************  Customer added succesfully *********** 
[INFO ] 2020-04-20 20:22:21.678 [TestNG-tests-1] TC_AddCustomerTest_003 - ********Starting TC_LoginTest_003********
[INFO ] 2020-04-20 20:22:32.343 [TestNG-tests-1] TC_AddCustomerTest_003 - ***************  Providing customer details  *********** 
[INFO ] 2020-04-20 20:23:29.705 [TestNG-tests-1] TC_SearchCustomerByEmail_004 - ********Providing login details to application********
[INFO ] 2020-04-20 20:31:52.205 [TestNG-tests-1] TC_AddCustomerTest_003 - ********Starting TC_LoginTest_003********
[INFO ] 2020-04-20 20:32:02.603 [TestNG-tests-1] TC_AddCustomerTest_003 - ***************  Providing customer details  *********** 
[INFO ] 2020-04-20 20:33:43.242 [TestNG-tests-1] TC_AddCustomerTest_003 - ********Starting TC_LoginTest_003********
[INFO ] 2020-04-20 20:33:53.436 [TestNG-tests-1] TC_AddCustomerTest_003 - ***************  Providing customer details  *********** 
[INFO ] 2020-04-20 20:34:17.155 [TestNG-tests-1] TC_AddCustomerTest_003 - ***************  Customer added succesfully *********** 
[INFO ] 2020-04-20 20:40:22.153 [TestNG-tests-1] TC_AddCustomerTest_003 - ********Starting TC_LoginTest_003********
[INFO ] 2020-04-20 20:40:33.173 [TestNG-tests-1] TC_AddCustomerTest_003 - ***************  Providing customer details  *********** 
[INFO ] 2020-04-20 20:41:22.527 [TestNG-tests-1] TC_AddCustomerTest_003 - ********Starting TC_LoginTest_003********
[INFO ] 2020-04-20 20:41:32.303 [TestNG-tests-1] TC_AddCustomerTest_003 - ***************  Providing customer details  *********** 
[INFO ] 2020-04-20 20:41:56.329 [TestNG-tests-1] TC_AddCustomerTest_003 - ***************  Customer added succesfully *********** 
[INFO ] 2020-04-20 20:43:06.870 [TestNG-tests-1] TC_AddCustomerTest_003 - ********Starting TC_LoginTest_003********
[INFO ] 2020-04-20 20:43:17.507 [TestNG-tests-1] TC_AddCustomerTest_003 - ***************  Providing customer details  *********** 
[INFO ] 2020-04-20 20:43:41.426 [TestNG-tests-1] TC_AddCustomerTest_003 - ***************  Customer added succesfully *********** 
[INFO ] 2020-04-20 20:47:35.088 [TestNG-tests-1] TC_AddCustomerTest_003 - ********Starting TC_LoginTest_003********
[INFO ] 2020-04-20 20:47:45.141 [TestNG-tests-1] TC_AddCustomerTest_003 - ***************  Providing customer details  *********** 
[INFO ] 2020-04-20 20:48:09.235 [TestNG-tests-1] TC_AddCustomerTest_003 - ***************  Customer added succesfully *********** 
[INFO ] 2020-04-20 20:50:16.700 [TestNG-tests-1] TC_AddCustomerTest_003 - ********Starting TC_LoginTest_003********
[INFO ] 2020-04-20 20:50:27.435 [TestNG-tests-1] TC_AddCustomerTest_003 - ***************  Providing customer details  *********** 
[INFO ] 2020-04-20 20:52:15.104 [TestNG-tests-1] TC_AddCustomerTest_003 - ********Starting TC_LoginTest_003********
[INFO ] 2020-04-20 20:52:24.921 [TestNG-tests-1] TC_AddCustomerTest_003 - ***************  Providing customer details  *********** 
[INFO ] 2020-04-20 20:52:48.732 [TestNG-tests-1] TC_AddCustomerTest_003 - ***************  Customer added succesfully *********** 
[INFO ] 2020-04-20 20:56:03.226 [TestNG-tests-1] TC_AddCustomerTest_003 - ********Starting TC_LoginTest_003********
[INFO ] 2020-04-20 20:56:13.315 [TestNG-tests-1] TC_AddCustomerTest_003 - ***************  Providing customer details  *********** 
[INFO ] 2020-04-20 20:56:37.078 [TestNG-tests-1] TC_AddCustomerTest_003 - ***************  Customer added succesfully *********** 
[INFO ] 2020-04-20 20:58:01.726 [TestNG-tests-1] TC_AddCustomerTest_003 - ********Starting TC_LoginTest_003********
[INFO ] 2020-04-20 20:58:11.807 [TestNG-tests-1] TC_AddCustomerTest_003 - ***************  Providing customer details  *********** 
[INFO ] 2020-04-20 20:58:35.750 [TestNG-tests-1] TC_AddCustomerTest_003 - ***************  Customer added succesfully *********** 
[INFO ] 2020-04-20 21:01:08.321 [TestNG-tests-1] TC_AddCustomerTest_003 - ********Starting TC_LoginTest_003********
[INFO ] 2020-04-20 21:01:19.279 [TestNG-tests-1] TC_AddCustomerTest_003 - ***************  Providing customer details  *********** 
[INFO ] 2020-04-20 21:01:43.300 [TestNG-tests-1] TC_AddCustomerTest_003 - ***************  Customer added succesfully *********** 
[INFO ] 2020-04-20 21:03:22.135 [TestNG-tests-1] TC_AddCustomerTest_003 - ********Starting TC_LoginTest_003********
[INFO ] 2020-04-20 21:03:32.497 [TestNG-tests-1] TC_AddCustomerTest_003 - ***************  Providing customer details  *********** 
[INFO ] 2020-04-20 21:03:56.354 [TestNG-tests-1] TC_AddCustomerTest_003 - ***************  Customer added succesfully *********** 
[INFO ] 2020-04-21 12:35:20.006 [TestNG-tests-1] TC_AddCustomerTest_003 - ********Starting TC_LoginTest_003********
[INFO ] 2020-04-21 12:35:30.717 [TestNG-tests-1] TC_AddCustomerTest_003 - ***************  Providing customer details  *********** 
[INFO ] 2020-04-21 12:35:54.587 [TestNG-tests-1] TC_AddCustomerTest_003 - ***************  Customer added succesfully *********** 
[INFO ] 2020-04-21 12:37:58.674 [TestNG-tests-1] TC_AddCustomerTest_003 - ********Starting TC_LoginTest_003********
[INFO ] 2020-04-21 12:38:09.424 [TestNG-tests-1] TC_AddCustomerTest_003 - ***************  Providing customer details  *********** 
[INFO ] 2020-04-21 12:39:32.182 [TestNG-tests-1] TC_AddCustomerTest_003 - ********Starting TC_LoginTest_003********
[INFO ] 2020-04-21 12:39:42.560 [TestNG-tests-1] TC_AddCustomerTest_003 - ***************  Providing customer details  *********** 
[INFO ] 2020-04-21 12:40:06.458 [TestNG-tests-1] TC_AddCustomerTest_003 - ***************  Customer added succesfully *********** 
[INFO ] 2020-04-21 16:10:52.729 [TestNG-tests-1] TC_AddCustomerTest_003 - ********Starting TC_LoginTest_003********
[INFO ] 2020-04-21 16:11:05.917 [TestNG-tests-1] TC_AddCustomerTest_003 - ***************  Providing customer details  *********** 
[INFO ] 2020-04-21 16:11:34.393 [TestNG-tests-1] TC_AddCustomerTest_003 - ***************  Customer added succesfully *********** 
[INFO ] 2020-04-21 16:13:19.631 [TestNG-tests-1] TC_LoginTest_001 - ********Starting TC_LoginTest_001********
[INFO ] 2020-04-21 16:13:22.433 [TestNG-tests-1] TC_LoginTest_001 - ********Providing login details to application********
[INFO ] 2020-04-21 16:13:22.661 [TestNG-tests-1] TC_LoginTest_001 - **********Clicking on the login button********
[INFO ] 2020-04-21 16:13:25.667 [TestNG-tests-1] TC_LoginTest_001 - **********Login validation starting*********
[INFO ] 2020-04-21 16:13:25.667 [TestNG-tests-1] TC_LoginTest_001 - **********Login Test passed**********
[INFO ] 2020-04-21 16:13:29.146 [TestNG-tests-1] TC_SearchCustomerByName_005 - ********Providing login details to application********
[INFO ] 2020-04-21 17:55:53.921 [TestNG-tests-1] TC_LoginTest_001 - ********Starting TC_LoginTest_001********
[INFO ] 2020-04-21 17:55:56.453 [TestNG-tests-1] TC_LoginTest_001 - ********Providing login details to application********
[INFO ] 2020-04-21 17:55:56.641 [TestNG-tests-1] TC_LoginTest_001 - **********Clicking on the login button********
[INFO ] 2020-04-21 17:55:59.218 [TestNG-tests-1] TC_LoginTest_001 - **********Login validation starting*********
[INFO ] 2020-04-21 17:55:59.218 [TestNG-tests-1] TC_LoginTest_001 - **********Login Test passed**********
[INFO ] 2020-04-21 17:56:02.744 [TestNG-tests-1] TC_SearchCustomerByName_005 - ********Providing login details to application********
